[INFO ] 12:44:03.028 [main] com.yys.szcp.SzcpApplication - Starting SzcpApplication on LAPTOP-T7DEB7H8 with PID 19940 (E:\MyGithubProject\pingtai\BankAccountManagementSystem\szcp\target\classes started by yangys in E:\MyGithubProject\pingtai\BankAccountManagementSystem\szcp)
[INFO ] 12:44:03.028 [main] com.yys.szcp.SzcpApplication - The following profiles are active: dev
[INFO ] 12:44:03.896 [main] o.s.d.r.c.RepositoryConfigurationDelegate - Multiple Spring Data modules found, entering strict repository configuration mode!
[INFO ] 12:44:03.898 [main] o.s.d.r.c.RepositoryConfigurationDelegate - Bootstrapping Spring Data Redis repositories in DEFAULT mode.
[INFO ] 12:44:03.927 [main] o.s.d.r.c.RepositoryConfigurationDelegate - Finished Spring Data repository scanning in 11ms. Found 0 Redis repository interfaces.
[INFO ] 12:44:04.221 [main] o.s.c.s.PostProcessorRegistrationDelegate$BeanPostProcessorChecker - Bean 'org.springframework.transaction.annotation.ProxyTransactionManagementConfiguration' of type [org.springframework.transaction.annotation.ProxyTransactionManagementConfiguration] is not eligible for getting processed by all BeanPostProcessors (for example: not eligible for auto-proxying)
[INFO ] 12:44:04.486 [main] o.s.b.w.e.tomcat.TomcatWebServer - Tomcat initialized with port(s): 7089 (http)
[INFO ] 12:44:04.494 [main] o.a.coyote.http11.Http11NioProtocol - Initializing ProtocolHandler ["http-nio-7089"]
[INFO ] 12:44:04.495 [main] o.a.catalina.core.StandardService - Starting service [Tomcat]
[INFO ] 12:44:04.495 [main] o.a.catalina.core.StandardEngine - Starting Servlet engine: [Apache Tomcat/9.0.30]
[INFO ] 12:44:04.591 [main] o.a.c.c.C.[Tomcat].[localhost].[/] - Initializing Spring embedded WebApplicationContext
[INFO ] 12:44:04.592 [main] o.s.web.context.ContextLoader - Root WebApplicationContext: initialization completed in 1521 ms
[INFO ] 12:44:04.653 [main] o.s.b.web.servlet.RegistrationBean - Servlet statViewServlet was not registered (possibly already registered?)
[INFO ] 12:44:04.658 [main] o.s.b.web.servlet.RegistrationBean - Filter webStatFilter was not registered (possibly already registered?)
[INFO ] 12:44:05.897 [main] c.alibaba.druid.pool.DruidDataSource - {dataSource-1} inited
[INFO ] 12:44:06.368 [main] s.d.s.w.PropertySourcedRequestMappingHandlerMapping - Mapped URL path [/v2/api-docs] onto method [springfox.documentation.swagger2.web.Swagger2Controller#getDocumentation(String, HttpServletRequest)]
[INFO ] 12:44:06.692 [main] o.s.s.c.ThreadPoolTaskExecutor - Initializing ExecutorService 'applicationTaskExecutor'
[INFO ] 12:44:06.916 [main] o.s.s.c.ThreadPoolTaskScheduler - Initializing ExecutorService 'taskScheduler'
[INFO ] 12:44:06.950 [main] s.d.s.w.p.DocumentationPluginsBootstrapper - Context refreshed
[INFO ] 12:44:06.978 [main] s.d.s.w.p.DocumentationPluginsBootstrapper - Found 1 custom documentation plugin(s)
[INFO ] 12:44:07.009 [main] s.d.s.w.s.ApiListingReferenceScanner - Scanning for api listing references
[INFO ] 12:44:07.320 [main] o.a.coyote.http11.Http11NioProtocol - Starting ProtocolHandler ["http-nio-7089"]
[INFO ] 12:44:07.340 [main] o.s.b.w.e.tomcat.TomcatWebServer - Tomcat started on port(s): 7089 (http) with context path ''
[INFO ] 12:44:07.343 [main] com.yys.szcp.SzcpApplication - Started SzcpApplication in 4.692 seconds (JVM running for 5.793)
[INFO ] 12:46:10.380 [main] o.s.b.t.c.SpringBootTestContextBootstrapper - Neither @ContextConfiguration nor @ContextHierarchy found for test class [com.yys.szcp.SzcpApplicationTests], using SpringBootContextLoader
[INFO ] 12:46:10.384 [main] o.s.t.c.s.AbstractContextLoader - Could not detect default resource locations for test class [com.yys.szcp.SzcpApplicationTests]: no resource found for suffixes {-context.xml, Context.groovy}.
[INFO ] 12:46:10.385 [main] o.s.t.c.s.AnnotationConfigContextLoaderUtils - Could not detect default configuration classes for test class [com.yys.szcp.SzcpApplicationTests]: SzcpApplicationTests does not declare any static, non-private, non-final, nested classes annotated with @Configuration.
[INFO ] 12:46:10.468 [main] o.s.b.t.c.SpringBootTestContextBootstrapper - Found @SpringBootConfiguration com.yys.szcp.SzcpApplication for test class com.yys.szcp.SzcpApplicationTests
[INFO ] 12:46:10.545 [main] o.s.b.t.c.SpringBootTestContextBootstrapper - Loaded default TestExecutionListener class names from location [META-INF/spring.factories]: [org.springframework.boot.test.mock.mockito.MockitoTestExecutionListener, org.springframework.boot.test.mock.mockito.ResetMocksTestExecutionListener, org.springframework.boot.test.autoconfigure.restdocs.RestDocsTestExecutionListener, org.springframework.boot.test.autoconfigure.web.client.MockRestServiceServerResetTestExecutionListener, org.springframework.boot.test.autoconfigure.web.servlet.MockMvcPrintOnlyOnFailureTestExecutionListener, org.springframework.boot.test.autoconfigure.web.servlet.WebDriverTestExecutionListener, org.springframework.test.context.web.ServletTestExecutionListener, org.springframework.test.context.support.DirtiesContextBeforeModesTestExecutionListener, org.springframework.test.context.support.DependencyInjectionTestExecutionListener, org.springframework.test.context.support.DirtiesContextTestExecutionListener, org.springframework.test.context.transaction.TransactionalTestExecutionListener, org.springframework.test.context.jdbc.SqlScriptsTestExecutionListener, org.springframework.test.context.event.EventPublishingTestExecutionListener]
[INFO ] 12:46:10.560 [main] o.s.b.t.c.SpringBootTestContextBootstrapper - Using TestExecutionListeners: [org.springframework.test.context.web.ServletTestExecutionListener@420a85c4, org.springframework.test.context.support.DirtiesContextBeforeModesTestExecutionListener@1c39680d, org.springframework.boot.test.mock.mockito.MockitoTestExecutionListener@62833051, org.springframework.boot.test.autoconfigure.SpringBootDependencyInjectionTestExecutionListener@1c852c0f, org.springframework.test.context.support.DirtiesContextTestExecutionListener@a37aefe, org.springframework.test.context.transaction.TransactionalTestExecutionListener@5d99c6b5, org.springframework.test.context.jdbc.SqlScriptsTestExecutionListener@266374ef, org.springframework.test.context.event.EventPublishingTestExecutionListener@13b3d178, org.springframework.boot.test.mock.mockito.ResetMocksTestExecutionListener@24c4ddae, org.springframework.boot.test.autoconfigure.restdocs.RestDocsTestExecutionListener@37fb0bed, org.springframework.boot.test.autoconfigure.web.client.MockRestServiceServerResetTestExecutionListener@a82c5f1, org.springframework.boot.test.autoconfigure.web.servlet.MockMvcPrintOnlyOnFailureTestExecutionListener@7b7fdc8, org.springframework.boot.test.autoconfigure.web.servlet.WebDriverTestExecutionListener@51c693d]
[INFO ] 12:46:10.838 [main] com.yys.szcp.SzcpApplicationTests - Starting SzcpApplicationTests on LAPTOP-T7DEB7H8 with PID 12452 (started by yangys in E:\MyGithubProject\pingtai\BankAccountManagementSystem\szcp)
[INFO ] 12:46:10.839 [main] com.yys.szcp.SzcpApplicationTests - The following profiles are active: dev
[INFO ] 12:46:11.599 [main] o.s.d.r.c.RepositoryConfigurationDelegate - Multiple Spring Data modules found, entering strict repository configuration mode!
[INFO ] 12:46:11.602 [main] o.s.d.r.c.RepositoryConfigurationDelegate - Bootstrapping Spring Data Redis repositories in DEFAULT mode.
[INFO ] 12:46:11.630 [main] o.s.d.r.c.RepositoryConfigurationDelegate - Finished Spring Data repository scanning in 14ms. Found 0 Redis repository interfaces.
[INFO ] 12:46:12.049 [main] o.s.c.s.PostProcessorRegistrationDelegate$BeanPostProcessorChecker - Bean 'org.springframework.transaction.annotation.ProxyTransactionManagementConfiguration' of type [org.springframework.transaction.annotation.ProxyTransactionManagementConfiguration] is not eligible for getting processed by all BeanPostProcessors (for example: not eligible for auto-proxying)
[INFO ] 12:46:13.696 [main] c.alibaba.druid.pool.DruidDataSource - {dataSource-1} inited
[INFO ] 12:46:14.568 [main] s.d.s.w.PropertySourcedRequestMappingHandlerMapping - Mapped URL path [/v2/api-docs] onto method [springfox.documentation.swagger2.web.Swagger2Controller#getDocumentation(String, HttpServletRequest)]
[INFO ] 12:46:15.212 [main] o.s.s.c.ThreadPoolTaskExecutor - Initializing ExecutorService 'applicationTaskExecutor'
[INFO ] 12:46:15.631 [main] o.s.s.c.ThreadPoolTaskScheduler - Initializing ExecutorService 'taskScheduler'
[INFO ] 12:46:15.706 [main] s.d.s.w.p.DocumentationPluginsBootstrapper - Context refreshed
[INFO ] 12:46:15.736 [main] s.d.s.w.p.DocumentationPluginsBootstrapper - Found 1 custom documentation plugin(s)
[INFO ] 12:46:15.792 [main] s.d.s.w.s.ApiListingReferenceScanner - Scanning for api listing references
[INFO ] 12:46:16.236 [main] com.yys.szcp.SzcpApplicationTests - Started SzcpApplicationTests in 5.64 seconds (JVM running for 6.556)
[INFO ] 12:46:16.592 [SpringContextShutdownHook] o.s.s.c.ThreadPoolTaskScheduler - Shutting down ExecutorService 'taskScheduler'
[INFO ] 12:46:16.593 [SpringContextShutdownHook] o.s.s.c.ThreadPoolTaskExecutor - Shutting down ExecutorService 'applicationTaskExecutor'
[INFO ] 12:46:16.625 [SpringContextShutdownHook] c.alibaba.druid.pool.DruidDataSource - {dataSource-1} closed
