[INFO ] 22:54:24.102 [main] com.yys.szcp.SzcpApplication - Starting SzcpApplication on LAPTOP-T7DEB7H8 with PID 25528 (E:\MyGithubProject\pingtai\BankAccountManagementSystem\szcp\target\classes started by yangys in E:\MyGithubProject\pingtai\BankAccountManagementSystem\szcp)
[INFO ] 22:54:24.105 [main] com.yys.szcp.SzcpApplication - The following profiles are active: dev
[INFO ] 22:54:25.145 [main] o.s.d.r.c.RepositoryConfigurationDelegate - Multiple Spring Data modules found, entering strict repository configuration mode!
[INFO ] 22:54:25.147 [main] o.s.d.r.c.RepositoryConfigurationDelegate - Bootstrapping Spring Data Redis repositories in DEFAULT mode.
[INFO ] 22:54:25.181 [main] o.s.d.r.c.RepositoryConfigurationDelegate - Finished Spring Data repository scanning in 13ms. Found 0 Redis repository interfaces.
[INFO ] 22:54:25.563 [main] o.s.c.s.PostProcessorRegistrationDelegate$BeanPostProcessorChecker - Bean 'org.springframework.transaction.annotation.ProxyTransactionManagementConfiguration' of type [org.springframework.transaction.annotation.ProxyTransactionManagementConfiguration] is not eligible for getting processed by all BeanPostProcessors (for example: not eligible for auto-proxying)
[INFO ] 22:54:25.913 [main] o.s.b.w.e.tomcat.TomcatWebServer - Tomcat initialized with port(s): 7089 (http)
[INFO ] 22:54:25.922 [main] o.a.coyote.http11.Http11NioProtocol - Initializing ProtocolHandler ["http-nio-7089"]
[INFO ] 22:54:25.922 [main] o.a.catalina.core.StandardService - Starting service [Tomcat]
[INFO ] 22:54:25.922 [main] o.a.catalina.core.StandardEngine - Starting Servlet engine: [Apache Tomcat/9.0.30]
[INFO ] 22:54:26.022 [main] o.a.c.c.C.[Tomcat].[localhost].[/] - Initializing Spring embedded WebApplicationContext
[INFO ] 22:54:26.022 [main] o.s.web.context.ContextLoader - Root WebApplicationContext: initialization completed in 1827 ms
[INFO ] 22:54:26.090 [main] o.s.b.web.servlet.RegistrationBean - Servlet statViewServlet was not registered (possibly already registered?)
[INFO ] 22:54:26.093 [main] o.s.b.web.servlet.RegistrationBean - Filter webStatFilter was not registered (possibly already registered?)
[INFO ] 22:54:29.449 [main] c.alibaba.druid.pool.DruidDataSource - {dataSource-1} inited
[INFO ] 22:54:30.130 [main] s.d.s.w.PropertySourcedRequestMappingHandlerMapping - Mapped URL path [/v2/api-docs] onto method [springfox.documentation.swagger2.web.Swagger2Controller#getDocumentation(String, HttpServletRequest)]
[INFO ] 22:54:30.725 [main] o.s.s.c.ThreadPoolTaskExecutor - Initializing ExecutorService 'applicationTaskExecutor'
[INFO ] 22:54:31.139 [main] o.s.s.c.ThreadPoolTaskScheduler - Initializing ExecutorService 'taskScheduler'
[INFO ] 22:54:31.236 [main] s.d.s.w.p.DocumentationPluginsBootstrapper - Context refreshed
[INFO ] 22:54:31.307 [main] s.d.s.w.p.DocumentationPluginsBootstrapper - Found 1 custom documentation plugin(s)
[INFO ] 22:54:31.377 [main] s.d.s.w.s.ApiListingReferenceScanner - Scanning for api listing references
[INFO ] 22:54:31.851 [main] o.a.coyote.http11.Http11NioProtocol - Starting ProtocolHandler ["http-nio-7089"]
[INFO ] 22:54:31.876 [main] o.s.b.w.e.tomcat.TomcatWebServer - Tomcat started on port(s): 7089 (http) with context path ''
[INFO ] 22:54:31.881 [main] com.yys.szcp.SzcpApplication - Started SzcpApplication in 8.22 seconds (JVM running for 9.477)
[INFO ] 22:54:31.945 [http-nio-7089-exec-1] o.a.c.c.C.[Tomcat].[localhost].[/] - Initializing Spring DispatcherServlet 'dispatcherServlet'
[INFO ] 22:54:31.945 [http-nio-7089-exec-1] o.s.web.servlet.DispatcherServlet - Initializing Servlet 'dispatcherServlet'
[INFO ] 22:54:31.953 [http-nio-7089-exec-1] o.s.web.servlet.DispatcherServlet - Completed initialization in 8 ms
[INFO ] 22:54:31.974 [http-nio-7089-exec-1] c.yys.szcp.config.jwt.JwtInterceptor - 访问路径:/sys/admin/findAdminUserInfo
[INFO ] 22:54:31.977 [http-nio-7089-exec-1] c.yys.szcp.config.jwt.JwtInterceptor - ===== 用户未登录, 请先登录:/sys/admin/findAdminUserInfo
[INFO ] 22:54:32.051 [http-nio-7089-exec-2] c.yys.szcp.config.jwt.JwtInterceptor - 访问路径:/sys/admin/findAdminUserInfo
[INFO ] 22:54:32.723 [http-nio-7089-exec-2] c.yys.szcp.config.jwt.JwtInterceptor - ===== token解析异常 =====
[INFO ] 22:56:01.202 [http-nio-7089-exec-5] c.yys.szcp.config.jwt.JwtInterceptor - 访问路径:/sys/admin/login
[INFO ] 22:56:01.202 [http-nio-7089-exec-5] c.yys.szcp.config.jwt.JwtInterceptor - ===== 用户未登录, 请先登录:/sys/admin/login
[INFO ] 22:56:01.205 [http-nio-7089-exec-6] c.yys.szcp.config.jwt.JwtInterceptor - 访问路径:/sys/admin/login
[INFO ] 22:56:01.220 [http-nio-7089-exec-6] c.y.szcp.controller.AdminController - 输出info级别的日志.....
[INFO ] 22:56:01.582 [http-nio-7089-exec-7] c.yys.szcp.config.jwt.JwtInterceptor - 访问路径:/sys/admin/findAdminUserInfo
[INFO ] 22:56:01.582 [http-nio-7089-exec-7] c.yys.szcp.config.jwt.JwtInterceptor - ===== 用户未登录, 请先登录:/sys/admin/findAdminUserInfo
[INFO ] 22:56:01.584 [http-nio-7089-exec-8] c.yys.szcp.config.jwt.JwtInterceptor - 访问路径:/sys/admin/findAdminUserInfo
[INFO ] 23:14:18.537 [http-nio-7089-exec-1] c.yys.szcp.config.jwt.JwtInterceptor - 访问路径:/sys/bankCard/findBankCardList
[INFO ] 23:14:18.537 [http-nio-7089-exec-1] c.yys.szcp.config.jwt.JwtInterceptor - ===== 用户未登录, 请先登录:/sys/bankCard/findBankCardList
[INFO ] 23:14:18.540 [http-nio-7089-exec-2] c.yys.szcp.config.jwt.JwtInterceptor - 访问路径:/sys/bankCard/findBankCardList
[INFO ] 23:24:02.938 [SpringContextShutdownHook] o.s.s.c.ThreadPoolTaskScheduler - Shutting down ExecutorService 'taskScheduler'
[INFO ] 23:24:02.939 [SpringContextShutdownHook] o.s.s.c.ThreadPoolTaskExecutor - Shutting down ExecutorService 'applicationTaskExecutor'
[INFO ] 23:24:02.963 [SpringContextShutdownHook] c.alibaba.druid.pool.DruidDataSource - {dataSource-1} closed
[INFO ] 23:36:54.076 [SpringContextShutdownHook] o.s.s.c.ThreadPoolTaskScheduler - Shutting down ExecutorService 'taskScheduler'
[INFO ] 23:36:54.078 [SpringContextShutdownHook] o.s.s.c.ThreadPoolTaskExecutor - Shutting down ExecutorService 'applicationTaskExecutor'
[INFO ] 23:36:54.106 [SpringContextShutdownHook] c.alibaba.druid.pool.DruidDataSource - {dataSource-1} closed
